

Wed Mar 16 14:35:36 2022 INFO : Configuration file packager.ini read.
Wed Mar 16 14:35:36 2022 INFO : Smart Packager 1.2.12
Wed Mar 16 14:35:36 2022 DEV : Saving /tmp/MotoMini_DemoSetup.json


Wed Mar 16 14:36:03 2022 INFO : Configuration file packager.ini read.
Wed Mar 16 14:36:03 2022 INFO : Smart Packager 1.2.12
Wed Mar 16 14:36:28 2022 DEV : Saving /tmp/MotoMini_DemoSetup.json


Wed Mar 16 14:42:08 2022 INFO : Configuration file packager.ini read.
Wed Mar 16 14:42:09 2022 INFO : Smart Packager 1.2.12
Wed Mar 16 14:42:31 2022 DEV : Saving /tmp/MotoMini_DemoSetup.json


Wed Mar 16 14:42:36 2022 INFO : Configuration file packager.ini read.
Wed Mar 16 14:42:36 2022 INFO : Smart Packager 1.2.12
Wed Mar 16 14:42:58 2022 DEV : Saving /tmp/MotoMini_DemoSetup.json


Wed Mar 16 14:43:09 2022 INFO : Configuration file packager.ini read.
Wed Mar 16 14:43:09 2022 INFO : Smart Packager 1.2.12
Wed Mar 16 14:43:31 2022 DEV : Saving /tmp/MotoMini_DemoSetup.json


Wed Mar 16 14:45:34 2022 INFO : Configuration file packager.ini read.
Wed Mar 16 14:45:34 2022 INFO : Smart Packager 1.2.12
Wed Mar 16 14:45:55 2022 DEV : Saving /tmp/MotoMini_DemoSetup.json


Wed Mar 16 14:55:43 2022 INFO : Configuration file packager.ini read.
Wed Mar 16 14:55:44 2022 INFO : Smart Packager 1.2.12
Wed Mar 16 14:56:05 2022 DEV : Saving /tmp/MotoMini_DemoSetup.json


Wed Mar 30 15:39:13 2022 INFO : Configuration file packager.ini read.
Wed Mar 30 15:39:13 2022 INFO : Smart Packager 1.2.12
Wed Mar 30 15:39:30 2022 DEV : Saving /tmp/MotoMini_DemoSetup.json


Wed Mar 30 15:57:40 2022 INFO : Configuration file packager.ini read.
Wed Mar 30 15:57:41 2022 INFO : Smart Packager 1.2.12
Wed Mar 30 15:57:57 2022 DEV : Saving /tmp/MotoMini_DemoSetup.json


Wed Mar 30 16:06:02 2022 INFO : Configuration file packager.ini read.
Wed Mar 30 16:06:02 2022 INFO : Smart Packager 1.2.12
Wed Mar 30 16:06:18 2022 DEV : Saving /tmp/MotoMini_DemoSetup.json


Wed Mar 30 16:17:55 2022 INFO : Configuration file packager.ini read.
Wed Mar 30 16:17:55 2022 INFO : Smart Packager 1.2.12
Wed Mar 30 16:18:11 2022 DEV : Saving /tmp/MotoMini_DemoSetup.json


Mon Apr  4 17:10:19 2022 INFO : Configuration file packager.ini read.
Mon Apr  4 17:10:19 2022 INFO : Smart Packager 1.2.12
Mon Apr  4 17:10:34 2022 DEV : Saving /tmp/MotoMini_DemoSetup.json


Wed Apr  6 08:24:12 2022 INFO : Configuration file packager.ini read.
Wed Apr  6 08:24:12 2022 INFO : Smart Packager 1.2.12
Wed Apr  6 08:24:28 2022 DEV : Saving /tmp/MotoMini_DemoSetup.json


Thu Apr  7 14:38:16 2022 INFO : Configuration file packager.ini read.
Thu Apr  7 14:38:16 2022 INFO : Smart Packager 1.2.12
Thu Apr  7 14:38:32 2022 DEV : Saving /tmp/MotoMini_DemoSetup.json


Tue Apr 12 11:15:30 2022 INFO : Configuration file packager.ini read.
Tue Apr 12 11:15:30 2022 INFO : Smart Packager 1.2.12
Tue Apr 12 11:15:48 2022 DEV : Saving /tmp/MotoMini_DemoSetup.json


Tue Apr 12 11:16:19 2022 INFO : Configuration file packager.ini read.
Tue Apr 12 11:16:19 2022 INFO : Smart Packager 1.2.12
Tue Apr 12 11:16:35 2022 DEV : Saving /tmp/MotoMini_DemoSetup.json


Thu May 12 17:11:24 2022 INFO : Configuration file packager.ini read.
Thu May 12 17:11:25 2022 INFO : Smart Packager 1.2.12
Thu May 12 17:11:40 2022 DEV : Saving /tmp/MotoMini_DemoSetup.json
